  Block.cpp
  Enemy.cpp
c:\team\enemy.cpp(42): warning C4244: '引数': 'float' から 'int' への変換です。データが失われる可能性があります。
  GameObjectManager.cpp
c:\team\gameobjectmanager.cpp(123): warning C4267: '=': 'size_t' から 'int' に変換しました。データが失われているかもしれません。
  GameScene.cpp
c:\team\gamescene.cpp(65): warning C4244: '=': 'int' から 'float' への変換です。データが失われる可能性があります。
c:\team\gamescene.cpp(66): warning C4244: '=': 'int' から 'float' への変換です。データが失われる可能性があります。
c:\team\gamescene.cpp(70): warning C4244: '引数': 'int' から 'float' への変換です。データが失われる可能性があります。
  Player.cpp
c:\team\player.cpp(33): warning C4244: '引数': 'float' から 'int' への変換です。データが失われる可能性があります。
  Renderer.cpp
c:\team\renderer.cpp(46): warning C4244: '引数': 'float' から 'int' への変換です。データが失われる可能性があります。
  SmallEnemy.cpp
c:\team\smallenemy.cpp(38): warning C4244: '引数': 'float' から 'int' への変換です。データが失われる可能性があります。
  Sumi.cpp
c:\team\sumi.cpp(26): warning C4244: '引数': 'double' から 'float' への変換です。データが失われる可能性があります。
c:\team\sumi.cpp(55): warning C4244: '引数': 'float' から 'int' への変換です。データが失われる可能性があります。
c:\team\sumi.cpp(63): warning C4244: '引数': 'float' から 'int' への変換です。データが失われる可能性があります。
c:\team\sumi.cpp(71): warning C4244: '引数': 'float' から 'int' への変換です。データが失われる可能性があります。
  SumiShot.cpp
  TileMap.cpp
  TitleScene.cpp
c:\team\titlescene.cpp(66): warning C4244: '引数': 'int' から 'float' への変換です。データが失われる可能性があります。
  WinMain.cpp
  コードを生成中...
c:\team\gameobjectmanager.cpp(418): warning C4715: 'GameObjectManager::GetDeadFlag': 値を返さないコントロール パスがあります。
c:\team\gameobjectmanager.cpp(399): warning C4715: 'GameObjectManager::GetClearFlag': 値を返さないコントロール パスがあります。
  LINK : 前回のインクリメンタル リンクで C:\team\x64\Debug\ActionPractice.exe が見つからなかったか、ビルドされませんでした。フル リンクを行います。
  ActionPractice.vcxproj -> C:\team\x64\Debug\ActionPractice.exe
